<?xml version="1.0" encoding="UTF-8"?>
<testsuite xmlns:xsi="http://www.w3.org/2001/XMLSchema-instance" xsi:noNamespaceSchemaLocation="https://maven.apache.org/surefire/maven-surefire-plugin/xsd/surefire-test-report-3.0.xsd" version="3.0" name="com.hydrangea.finvalidator.validators.AccountNumberValidatorTest" time="0.142" tests="4" errors="0" skipped="0" failures="0">
  <properties>
[...]
</properties>
  <testcase name="validAccount" classname="com.hydrangea.finvalidator.validators.AccountNumberValidatorTest" time="0.065"/>
  <testcase name="emptyAccount" classname="com.hydrangea.finvalidator.validators.AccountNumberValidatorTest" time="0.0"/>
  <testcase name="tooShort" classname="com.hydrangea.finvalidator.validators.AccountNumberValidatorTest" time="0.02"/>
  <testcase name="nonNumeric" classname="com.hydrangea.finvalidator.validators.AccountNumberValidatorTest" time="0.0"/>
</testsuite>